<?xml version="1.0" encoding="UTF-8"?>
<testng-results ignored="0" total="1" passed="1" failed="0" skipped="0">
  <reporter-output>
  </reporter-output>
  <suite started-at="2020-12-03T13:48:39 IST" name="Default suite" finished-at="2020-12-03T13:48:53 IST" duration-ms="13412">
    <groups>
    </groups>
    <test started-at="2020-12-03T13:48:39 IST" name="Default test" finished-at="2020-12-03T13:48:53 IST" duration-ms="13412">
      <class name="com.infy2.SwitchingTabs">
        <test-method is-config="true" signature="setUp()[pri:0, instance:com.infy2.SwitchingTabs@74455848]" started-at="2020-12-03T13:48:39 IST" name="setUp" finished-at="2020-12-03T13:48:53 IST" duration-ms="13090" status="PASS">
          <reporter-output>
          </reporter-output>
        </test-method> <!-- setUp -->
        <test-method signature="switchTabs()[pri:0, instance:com.infy2.SwitchingTabs@74455848]" started-at="2020-12-03T13:48:53 IST" name="switchTabs" finished-at="2020-12-03T13:48:53 IST" duration-ms="245" status="PASS">
          <reporter-output>
          </reporter-output>
        </test-method> <!-- switchTabs -->
      </class> <!-- com.infy2.SwitchingTabs -->
    </test> <!-- Default test -->
  </suite> <!-- Default suite -->
</testng-results>
