<?xml version="1.0" encoding="UTF-8"?>
<testng-results ignored="0" total="1" passed="1" failed="0" skipped="0">
  <reporter-output>
  </reporter-output>
  <suite started-at="2020-12-01T10:40:56 IST" name="Default suite" finished-at="2020-12-01T10:40:56 IST" duration-ms="63">
    <groups>
    </groups>
    <test started-at="2020-12-01T10:40:56 IST" name="Default test" finished-at="2020-12-01T10:40:56 IST" duration-ms="63">
      <class name="com.infy.SeleniumAssign1">
        <test-method signature="test()[pri:0, instance:com.infy.SeleniumAssign1@6a370f4]" started-at="2020-12-01T10:40:56 IST" name="test" finished-at="2020-12-01T10:40:56 IST" duration-ms="13" status="PASS">
          <reporter-output>
          </reporter-output>
        </test-method> <!-- test -->
      </class> <!-- com.infy.SeleniumAssign1 -->
    </test> <!-- Default test -->
  </suite> <!-- Default suite -->
</testng-results>
